<?xml version="1.0" encoding="UTF-8"?>
<testng-results skipped="0" failed="0" ignored="0" total="1" passed="1">
  <reporter-output>
  </reporter-output>
  <suite name="Default suite" duration-ms="20573" started-at="2021-08-17T10:43:03 IST" finished-at="2021-08-17T10:43:24 IST">
    <groups>
    </groups>
    <test name="Default test" duration-ms="20573" started-at="2021-08-17T10:43:03 IST" finished-at="2021-08-17T10:43:24 IST">
      <class name="testScripts.TC_01Test">
        <test-method status="PASS" signature="preCondition()[pri:0, instance:testScripts.TC_01Test@7494e528]" name="preCondition" is-config="true" duration-ms="7675" started-at="2021-08-17T10:43:03 IST" finished-at="2021-08-17T10:43:11 IST">
          <reporter-output>
          </reporter-output>
        </test-method> <!-- preCondition -->
        <test-method status="PASS" signature="loginToApp(java.lang.String, java.lang.String)[pri:0, instance:testScripts.TC_01Test@7494e528]" name="loginToApp" is-config="true" duration-ms="341" started-at="2021-08-17T10:43:11 IST" finished-at="2021-08-17T10:43:11 IST">
          <params>
            <param index="0">
              <value>
                <![CDATA[admin]]>
              </value>
            </param>
            <param index="1">
              <value>
                <![CDATA[manager]]>
              </value>
            </param>
          </params>
          <reporter-output>
          </reporter-output>
        </test-method> <!-- loginToApp -->
        <test-method status="PASS" signature="createReports()[pri:0, instance:testScripts.TC_01Test@7494e528]" name="createReports" duration-ms="9798" started-at="2021-08-17T10:43:11 IST" finished-at="2021-08-17T10:43:21 IST">
          <reporter-output>
          </reporter-output>
        </test-method> <!-- createReports -->
        <test-method status="PASS" signature="logoutOfApp()[pri:0, instance:testScripts.TC_01Test@7494e528]" name="logoutOfApp" is-config="true" duration-ms="2002" started-at="2021-08-17T10:43:21 IST" finished-at="2021-08-17T10:43:23 IST">
          <reporter-output>
          </reporter-output>
        </test-method> <!-- logoutOfApp -->
        <test-method status="PASS" signature="closeTheSession()[pri:0, instance:testScripts.TC_01Test@7494e528]" name="closeTheSession" is-config="true" duration-ms="719" started-at="2021-08-17T10:43:23 IST" finished-at="2021-08-17T10:43:24 IST">
          <reporter-output>
          </reporter-output>
        </test-method> <!-- closeTheSession -->
      </class> <!-- testScripts.TC_01Test -->
    </test> <!-- Default test -->
  </suite> <!-- Default suite -->
</testng-results>
