<?xml version="1.0" encoding="UTF-8"?>
<!-- Generated by org.testng.reporters.JUnitXMLReporter -->
<testsuite hostname="DESKTOP-38IUH1H" ignored="1" name="Test2" tests="3" failures="0" timestamp="2021-08-11T10:46:29 IST" time="12.701" errors="0">
  <testcase name="modifyAccount" time="4.559" classname="practise.TC_09Test"/>
  <testcase name="modifyPurchaseOrder" time="4.261" classname="practise.TC_15Test"/>
  <testcase name="createAccount" time="3.874" classname="practise.TC_08Test"/>
  <testcase name="deleteAccount" time="0.0" classname="practise.TC_10Test">
    <ignored/>
  </testcase> <!-- deleteAccount -->
</testsuite> <!-- Test2 -->
