<?xml version="1.0" encoding="UTF-8"?>
<!-- Generated by org.testng.reporters.JUnitXMLReporter -->
<testsuite hostname="DESKTOP-38IUH1H" ignored="0" name="Test" tests="6" failures="2" timestamp="2021-08-12T14:53:13 IST" time="45.947" errors="0">
  <testcase name="moneycontrol" time="2.301" classname="takingScreenshot.TC_05Test"/>
  <testcase name="dominios" time="4.219" classname="takingScreenshot.TC_04Test"/>
  <testcase name="tinder" time="3.873" classname="takingScreenshot.TC_06Test">
    <failure type="java.lang.ArithmeticException" message="/ by zero">
      <![CDATA[java.lang.ArithmeticException: / by zero
at takingScreenshot.TC_06Test.tinder(TC_06Test.java:10)
at java.util.ArrayList.forEach(Unknown Source)
... Removed 27 stack frames]]>
    </failure>
  </testcase> <!-- tinder -->
  <testcase name="matrimony" time="1.06" classname="takingScreenshot.TC_02Test">
    <failure type="java.lang.ArithmeticException" message="/ by zero">
      <![CDATA[java.lang.ArithmeticException: / by zero
at takingScreenshot.TC_02Test.matrimony(TC_02Test.java:10)
at java.util.ArrayList.forEach(Unknown Source)
... Removed 27 stack frames]]>
    </failure>
  </testcase> <!-- matrimony -->
  <testcase name="cricbuzz" time="13.813" classname="takingScreenshot.TC_03Test"/>
  <testcase name="swiggy" time="2.855" classname="takingScreenshot.TC_01Test"/>
</testsuite> <!-- Test -->
